<?xml version="1.0" encoding="UTF-8"?>
<!-- Generated by org.testng.reporters.JUnitXMLReporter -->
<testsuite hostname="DESKTOP-IF8E72L" ignored="2" tests="1" failures="0" timestamp="11 Jan 2019 08:53:04 GMT" time="0.054" errors="0">
  <testcase name="failTest" time="0.016" classname="Second"/>
  <testcase name="passTest" time="0.0" classname="Second">
    <ignored/>
  </testcase> <!-- passTest -->
  <testcase name="openPage" time="0.0" classname="Second">
    <ignored/>
  </testcase> <!-- openPage -->
</testsuite>
