<?xml version="1.0" encoding="UTF-8"?>
<!-- Generated by org.testng.reporters.JUnitXMLReporter -->
<testsuite hostname="DESKTOP-IF8E72L" ignored="2" tests="1" failures="1" timestamp="11 Jan 2019 08:52:31 GMT" time="0.101" errors="0">
  <testcase name="failTest" time="0.019" classname="Second">
    <failure type="java.lang.AssertionError" message="expected [true] but found [false]">
      <![CDATA[java.lang.AssertionError: expected [true] but found [false]
at Second.failTest(Second.java:36)
... Removed 29 stack frames]]>
    </failure>
  </testcase> <!-- failTest -->
  <testcase name="passTest" time="0.0" classname="Second">
    <ignored/>
  </testcase> <!-- passTest -->
  <testcase name="openPage" time="0.0" classname="Second">
    <ignored/>
  </testcase> <!-- openPage -->
</testsuite>
